/home/jf4241/SHORT/tpt_obj.py:1542: RuntimeWarning: invalid value encountered in greater
  if not (np.all(dqth0 > 0) or np.all(dqth0 < 0)):
/home/jf4241/SHORT/tpt_obj.py:1542: RuntimeWarning: invalid value encountered in less
  if not (np.all(dqth0 > 0) or np.all(dqth0 < 0)):
/home/jf4241/SHORT/tpt_obj.py:1296: UserWarning: This figure includes Axes that are not compatible with tight_layout, so results might be incorrect.
  fig.savefig(join(self.savefolder,fsuff))
/home/jf4241/SHORT/tpt_obj.py:1300: UserWarning: This figure includes Axes that are not compatible with tight_layout, so results might be incorrect.
  fig.savefig(join(self.savefolder,fsuff))
/home/jf4241/SHORT/tpt_obj.py:1317: UserWarning: This figure includes Axes that are not compatible with tight_layout, so results might be incorrect.
  fig.savefig(join(self.savefolder,fsuff))
/home/jf4241/SHORT/tpt_obj.py:1343: UserWarning: This figure includes Axes that are not compatible with tight_layout, so results might be incorrect.
  fig.savefig(join(self.savefolder,fsuff))
/home/jf4241/SHORT/tpt_obj.py:1370: UserWarning: This figure includes Axes that are not compatible with tight_layout, so results might be incorrect.
  fig.savefig(join(self.savefolder,fsuff))
/home/jf4241/SHORT/tpt_obj.py:1395: UserWarning: This figure includes Axes that are not compatible with tight_layout, so results might be incorrect.
  fig.savefig(join(self.savefolder,fsuff))
/home/jf4241/SHORT/tpt_obj.py:1422: UserWarning: This figure includes Axes that are not compatible with tight_layout, so results might be incorrect.
  fig.savefig(join(self.savefolder,fsuff))
/home/jf4241/SHORT/tpt_obj.py:1447: UserWarning: This figure includes Axes that are not compatible with tight_layout, so results might be incorrect.
  fig.savefig(join(self.savefolder,fsuff))
/home/jf4241/SHORT/tpt_obj.py:1474: UserWarning: This figure includes Axes that are not compatible with tight_layout, so results might be incorrect.
  fig.savefig(join(self.savefolder,fsuff))
/home/jf4241/SHORT/tpt_obj.py:1338: RuntimeWarning: invalid value encountered in greater
  field[np.where(field > vmax**j)[0]] = np.nan
/home/jf4241/SHORT/tpt_obj.py:1339: RuntimeWarning: invalid value encountered in less
  field[np.where(field < vmin**j)[0]] = np.nan
/home/jf4241/SHORT/tpt_obj.py:1365: RuntimeWarning: invalid value encountered in greater
  field[np.where(field > vmax**j)[0]] = np.nan
/home/jf4241/SHORT/tpt_obj.py:1366: RuntimeWarning: invalid value encountered in less
  field[np.where(field < vmin**j)[0]] = np.nan
/home/jf4241/SHORT/tpt_obj.py:1390: RuntimeWarning: invalid value encountered in greater
  field[np.where(field > vmax**j)[0]] = np.nan
/home/jf4241/SHORT/tpt_obj.py:1391: RuntimeWarning: invalid value encountered in less
  field[np.where(field < vmin**j)[0]] = np.nan
/home/jf4241/SHORT/tpt_obj.py:1417: RuntimeWarning: invalid value encountered in greater
  field[np.where(field > vmax**j)[0]] = np.nan
/home/jf4241/SHORT/tpt_obj.py:1418: RuntimeWarning: invalid value encountered in less
  field[np.where(field < vmin**j)[0]] = np.nan
/home/jf4241/SHORT/tpt_obj.py:1442: RuntimeWarning: invalid value encountered in greater
  field[np.where(field > vmax**j)[0]] = np.nan
/home/jf4241/SHORT/tpt_obj.py:1443: RuntimeWarning: invalid value encountered in less
  field[np.where(field < vmin**j)[0]] = np.nan
/home/jf4241/SHORT/tpt_obj.py:1469: RuntimeWarning: invalid value encountered in greater
  field[np.where(field > vmax**j)[0]] = np.nan
/home/jf4241/SHORT/tpt_obj.py:1470: RuntimeWarning: invalid value encountered in less
  field[np.where(field < vmin**j)[0]] = np.nan
/home/jf4241/SHORT/tpt_obj.py:2066: UserWarning: This figure includes Axes that are not compatible with tight_layout, so results might be incorrect.
  fig.savefig(join(self.savefolder,"pij_{}_{}".format(theta_2d_abbs[0],theta_2d_abbs[1])))
/home/jf4241/SHORT/tpt_obj.py:1254: UserWarning: This figure includes Axes that are not compatible with tight_layout, so results might be incorrect.
  fig.savefig(join(self.savefolder,"piabj_{}_{}".format(theta_2d_abbs[0],theta_2d_abbs[1])))
/home/jf4241/SHORT/tpt_obj.py:1269: UserWarning: This figure includes Axes that are not compatible with tight_layout, so results might be incorrect.
  fig.savefig(join(self.savefolder,"pibaj_{}_{}".format(theta_2d_abbs[0],theta_2d_abbs[1])))
/home/jf4241/SHORT/tpt_obj.py:2066: UserWarning: This figure includes Axes that are not compatible with tight_layout, so results might be incorrect.
  fig.savefig(join(self.savefolder,"pij_{}_{}".format(theta_2d_abbs[0],theta_2d_abbs[1])))
/home/jf4241/SHORT/tpt_obj.py:1254: UserWarning: This figure includes Axes that are not compatible with tight_layout, so results might be incorrect.
  fig.savefig(join(self.savefolder,"piabj_{}_{}".format(theta_2d_abbs[0],theta_2d_abbs[1])))
/home/jf4241/SHORT/tpt_obj.py:1269: UserWarning: This figure includes Axes that are not compatible with tight_layout, so results might be incorrect.
  fig.savefig(join(self.savefolder,"pibaj_{}_{}".format(theta_2d_abbs[0],theta_2d_abbs[1])))
 This problem is unconstrained.
 This problem is unconstrained.
